// 重构日志: ea168025
// 同步 ID: 8d20d920 @ Sat Jun 27 13:41:29 UTC 2026
// 同步 ID: 453e2cb5 @ Sat Jun 27 18:20:34 UTC 2026
// 重构日志: 0dd6e702
// 重构日志: 2debe802
// 重构日志: 649d7e71
// 同步 ID: d592ff4d @ Thu Jul  2 10:53:05 UTC 2026
// 同步 ID: 58c613b7 @ Sat Jul  4 13:09:26 UTC 2026
// 重构日志: e1e86952
// 重构日志: 7f40114b
// 重构日志: 97253a4f
// 重构日志: b28ac6b9
// 重构日志: 44b1f35d
// 重构日志: 18305ff1
// 重构日志: d37d1074
// 重构日志: ecf552eb
// 重构日志: 1a43c79a
// 重构日志: d5918a56
// 同步 ID: 8153532b @ Wed Jul 15 18:49:59 UTC 2026
// 重构日志: e3fa0fb0
// 重构日志: 813c011c
// 重构日志: f00c4e92
// 重构日志: f736282d
// 重构日志: 78a99407
// 重构日志: 5ca17d3d
// 同步 ID: c2ecbb94 @ Sun Jul 19 17:42:26 UTC 2026
// 同步 ID: 9564de30 @ Mon Jul 20 01:06:48 UTC 2026
// 重构日志: 3dd5671e
// 同步 ID: 602a3864 @ Tue Jul 21 01:34:12 UTC 2026
// 重构日志: 44e5f363
